<component name="libraryTable">
  <library name="junit-4.13.1">
    <CLASSES>
      <root url="jar://$PROJECT_DIR$/resources/junit-4.13.1.jar!/" />
    </CLASSES>
    <JAVADOC />
    <SOURCES />
  </library>
</component>